<?xml version="1.0" encoding="UTF-8"?>
<!-- Generated by org.testng.reporters.JUnitReportReporter -->
<testsuite skipped="1" hostname="mymac.local" name="com.android.test.e2e.TestngTest" tests="3" failures="0" timestamp="28 Aug 2018 00:27:26 GMT" time="0.008" errors="0">
  <testcase name="testngTest2" time="0.008" classname="com.android.test.e2e.TestngTest"/>
  <testcase name="testngTest1" time="0.000" classname="com.android.test.e2e.TestngTest"/>
  <testcase name="testngTest3" classname="com.android.test.e2e.TestngTest">
    <skipped/>
  </testcase> <!-- testngTest3 -->
</testsuite> <!-- com.android.test.e2e.TestngTest -->
